2022.10.20 10:17:03 INFO  tracing is disabled for protocol LSP, to enable tracing of incoming and outgoing JSON messages create an empty file at /home/li/liyanjun/java学习笔记/scala学习/.metals/lsp.trace.json or /home/li/.cache/metals/lsp.trace.json
2022.10.20 10:17:03 INFO  logging to file /home/li/liyanjun/java学习笔记/scala学习/.metals/metals.log
2022.10.20 10:17:03 INFO  Started: Metals version 0.11.9 in workspace '/home/li/liyanjun/java学习笔记/scala学习' for client Visual Studio Code 1.72.2.
2022.10.20 10:17:04 INFO  time: initialize in 1.05s
2022.10.20 10:17:05 WARN  Build server is not auto-connectable.
2022.10.20 10:17:05 WARN  no build tool detected in workspace '/home/li/liyanjun/java学习笔记/scala学习'. The most common cause for this problem is that the editor was opened in the wrong working directory, for example if you use sbt then the workspace directory should contain build.sbt. 
2022.10.20 10:17:05 WARN  no build target for: /home/li/liyanjun/java学习笔记/scala学习/test01.scala
2022.10.20 10:18:27 ERROR Failed to fetch mtags for 3.2.0coursierapi.error.DownloadingArtifactsError: https://repo1.maven.org/maven2/org/scala-lang/scala3-compiler_3/3.2.0/scala3-compiler_3-3.2.0.jar: wrong length: /home/li/.cache/coursier/v1/https/repo1.maven.org/maven2/org/scala-lang/scala3-compiler_3/3.2.0/scala3-compiler_3-3.2.0.jar (expected 18078835 B, got 9276865 B)

	at coursierapi.error.DownloadingArtifactsError.of(DownloadingArtifactsError.java:23)
	at coursierapi.shaded.coursier.internal.api.ApiHelper$.doFetch(ApiHelper.scala:371)
	at coursierapi.shaded.coursier.internal.api.ApiHelper.doFetch(ApiHelper.scala)
	at coursierapi.Fetch.fetchResult(Fetch.java:244)
	at coursierapi.Fetch.fetch(Fetch.java:239)
	at scala.meta.internal.metals.Embedded$.downloadDependency(Embedded.scala:260)
	at scala.meta.internal.metals.Embedded$.downloadMtags(Embedded.scala:299)
	at scala.meta.internal.metals.MtagsResolver$Default.fetch$1(MtagsResolver.scala:40)
	at scala.meta.internal.metals.MtagsResolver$Default.$anonfun$resolve$4(MtagsResolver.scala:65)
	at java.util.concurrent.ConcurrentHashMap.compute(ConcurrentHashMap.java:1908)
	at scala.meta.internal.metals.MtagsResolver$Default.resolve(MtagsResolver.scala:63)
	at scala.meta.internal.metals.Compilers.createStandaloneCompiler(Compilers.scala:103)
	at scala.meta.internal.metals.Compilers.$anonfun$fallbackCompiler$1(Compilers.scala:154)
	at java.util.HashMap.compute(HashMap.java:1229)
	at java.util.Collections$SynchronizedMap.compute(Collections.java:2692)
	at scala.meta.internal.metals.Compilers.fallbackCompiler(Compilers.scala:123)
	at scala.meta.internal.metals.InteractiveSemanticdbs.$anonfun$scalaCompile$6(InteractiveSemanticdbs.scala:191)
	at scala.Option.getOrElse(Option.scala:201)
	at scala.meta.internal.metals.InteractiveSemanticdbs.scalaCompile(InteractiveSemanticdbs.scala:191)
	at scala.meta.internal.metals.InteractiveSemanticdbs.compile(InteractiveSemanticdbs.scala:168)
	at scala.meta.internal.metals.InteractiveSemanticdbs.$anonfun$textDocument$3(InteractiveSemanticdbs.scala:93)
	at scala.util.Try$.apply(Try.scala:210)
	at scala.meta.internal.metals.InteractiveSemanticdbs.$anonfun$textDocument$1(InteractiveSemanticdbs.scala:93)
	at java.util.HashMap.compute(HashMap.java:1229)
	at java.util.Collections$SynchronizedMap.compute(Collections.java:2692)
	at scala.meta.internal.metals.InteractiveSemanticdbs.textDocument(InteractiveSemanticdbs.scala:89)
	at scala.meta.internal.metals.InteractiveSemanticdbs.textDocument(InteractiveSemanticdbs.scala:63)
	at scala.meta.internal.metals.AggregateSemanticdbs.loop$1(AggregateSemanticdbs.scala:30)
	at scala.meta.internal.metals.AggregateSemanticdbs.textDocument(AggregateSemanticdbs.scala:36)
	at scala.meta.internal.metals.CodeLensProvider.findLenses(CodeLensProvider.scala:22)
	at scala.meta.internal.metals.MetalsLanguageServer.$anonfun$codeLens$2(MetalsLanguageServer.scala:1744)
	at scala.meta.internal.metals.TimerProvider.timedThunk(TimerProvider.scala:25)
	at scala.meta.internal.metals.MetalsLanguageServer.$anonfun$codeLens$1(MetalsLanguageServer.scala:1742)
	at scala.meta.internal.metals.CancelTokens$.$anonfun$apply$2(CancelTokens.scala:26)
	at scala.concurrent.Future$.$anonfun$apply$1(Future.scala:678)
	at scala.concurrent.impl.Promise$Transformation.run(Promise.scala:467)
	at java.util.concurrent.ThreadPoolExecutor.runWorker(ThreadPoolExecutor.java:1128)
	at java.util.concurrent.ThreadPoolExecutor$Worker.run(ThreadPoolExecutor.java:628)
	at java.lang.Thread.run(Thread.java:829)

2022.10.20 10:18:27 INFO  no build target found for /home/li/liyanjun/java学习笔记/scala学习/test01.scala. Using presentation compiler with project's scala-library version: 2.13.9
2022.10.20 10:18:27 INFO  time: code lens generation in 1m21s
2022.10.20 10:19:51 INFO  tracing is disabled for protocol LSP, to enable tracing of incoming and outgoing JSON messages create an empty file at /home/li/liyanjun/java学习笔记/scala学习/.metals/lsp.trace.json or /home/li/.cache/metals/lsp.trace.json
2022.10.20 10:19:51 INFO  logging to file /home/li/liyanjun/java学习笔记/scala学习/.metals/metals.log
2022.10.20 10:19:51 INFO  Started: Metals version 0.11.9 in workspace '/home/li/liyanjun/java学习笔记/scala学习' for client Visual Studio Code 1.72.2.
2022.10.20 10:19:52 INFO  time: initialize in 0.75s
2022.10.20 10:19:53 WARN  Build server is not auto-connectable.
2022.10.20 10:19:53 WARN  no build tool detected in workspace '/home/li/liyanjun/java学习笔记/scala学习'. The most common cause for this problem is that the editor was opened in the wrong working directory, for example if you use sbt then the workspace directory should contain build.sbt. 
2022.10.20 10:19:53 WARN  no build target for: /home/li/liyanjun/java学习笔记/scala学习/test01.scala
2022.10.20 10:19:53 WARN  no build target for: /home/li/liyanjun/java学习笔记/scala学习/test02.scala
2022.10.20 10:19:56 WARN  no build target for: /home/li/liyanjun/java学习笔记/scala学习/test02.scala
2022.10.20 10:19:56 WARN  no build target for: /home/li/liyanjun/java学习笔记/scala学习/test02.scala
2022.10.20 10:25:28 ERROR Failed to fetch mtags for 3.2.0coursierapi.error.DownloadingArtifactsError: https://repo1.maven.org/maven2/org/scala-lang/scala3-compiler_3/3.2.0/scala3-compiler_3-3.2.0.jar: download error: Caught java.nio.file.NoSuchFileException (/home/li/.cache/coursier/v1/https/repo1.maven.org/maven2/org/scala-lang/scala3-compiler_3/3.2.0/.scala3-compiler_3-3.2.0.jar.part -> /home/li/.cache/coursier/v1/https/repo1.maven.org/maven2/org/scala-lang/scala3-compiler_3/3.2.0/scala3-compiler_3-3.2.0.jar) while downloading https://repo1.maven.org/maven2/org/scala-lang/scala3-compiler_3/3.2.0/scala3-compiler_3-3.2.0.jar

	at coursierapi.error.DownloadingArtifactsError.of(DownloadingArtifactsError.java:23)
	at coursierapi.shaded.coursier.internal.api.ApiHelper$.doFetch(ApiHelper.scala:371)
	at coursierapi.shaded.coursier.internal.api.ApiHelper.doFetch(ApiHelper.scala)
	at coursierapi.Fetch.fetchResult(Fetch.java:244)
	at coursierapi.Fetch.fetch(Fetch.java:239)
	at scala.meta.internal.metals.Embedded$.downloadDependency(Embedded.scala:260)
	at scala.meta.internal.metals.Embedded$.downloadMtags(Embedded.scala:299)
	at scala.meta.internal.metals.MtagsResolver$Default.fetch$1(MtagsResolver.scala:40)
	at scala.meta.internal.metals.MtagsResolver$Default.$anonfun$resolve$4(MtagsResolver.scala:69)
	at java.util.concurrent.ConcurrentHashMap.compute(ConcurrentHashMap.java:1932)
	at scala.meta.internal.metals.MtagsResolver$Default.resolve(MtagsResolver.scala:63)
	at scala.meta.internal.metals.Compilers.createStandaloneCompiler(Compilers.scala:103)
	at scala.meta.internal.metals.Compilers.$anonfun$fallbackCompiler$1(Compilers.scala:154)
	at java.util.HashMap.compute(HashMap.java:1229)
	at java.util.Collections$SynchronizedMap.compute(Collections.java:2692)
	at scala.meta.internal.metals.Compilers.fallbackCompiler(Compilers.scala:123)
	at scala.meta.internal.metals.Compilers.fromBuildTarget$1(Compilers.scala:549)
	at scala.meta.internal.metals.Compilers.loadCompiler(Compilers.scala:557)
	at scala.meta.internal.metals.Compilers.didClose(Compilers.scala:201)
	at scala.meta.internal.metals.MetalsLanguageServer.didClose(MetalsLanguageServer.scala:1258)
	at jdk.internal.reflect.NativeMethodAccessorImpl.invoke0(Native Method)
	at jdk.internal.reflect.NativeMethodAccessorImpl.invoke(NativeMethodAccessorImpl.java:62)
	at jdk.internal.reflect.DelegatingMethodAccessorImpl.invoke(DelegatingMethodAccessorImpl.java:43)
	at java.lang.reflect.Method.invoke(Method.java:566)
	at org.eclipse.lsp4j.jsonrpc.services.GenericEndpoint.lambda$null$0(GenericEndpoint.java:65)
	at org.eclipse.lsp4j.jsonrpc.services.GenericEndpoint.notify(GenericEndpoint.java:152)
	at org.eclipse.lsp4j.jsonrpc.RemoteEndpoint.handleNotification(RemoteEndpoint.java:220)
	at org.eclipse.lsp4j.jsonrpc.RemoteEndpoint.consume(RemoteEndpoint.java:187)
	at org.eclipse.lsp4j.jsonrpc.json.StreamMessageProducer.handleMessage(StreamMessageProducer.java:194)
	at org.eclipse.lsp4j.jsonrpc.json.StreamMessageProducer.listen(StreamMessageProducer.java:94)
	at org.eclipse.lsp4j.jsonrpc.json.ConcurrentMessageProcessor.run(ConcurrentMessageProcessor.java:113)
	at java.util.concurrent.Executors$RunnableAdapter.call(Executors.java:515)
	at java.util.concurrent.FutureTask.run(FutureTask.java:264)
	at java.util.concurrent.ThreadPoolExecutor.runWorker(ThreadPoolExecutor.java:1128)
	at java.util.concurrent.ThreadPoolExecutor$Worker.run(ThreadPoolExecutor.java:628)
	at java.lang.Thread.run(Thread.java:829)

2022.10.20 10:25:28 INFO  no build target found for /home/li/liyanjun/java学习笔记/scala学习/test01.scala. Using presentation compiler with project's scala-library version: 2.13.9
2022.10.20 10:25:28 INFO  shutting down Metals
2022.10.20 10:30:53 ERROR Failed to fetch mtags for 3.2.0coursierapi.error.DownloadingArtifactsError: https://repo1.maven.org/maven2/org/scala-lang/scala3-compiler_3/3.2.0/scala3-compiler_3-3.2.0.jar: wrong checksum: /home/li/.cache/coursier/v1/https/repo1.maven.org/maven2/org/scala-lang/scala3-compiler_3/3.2.0/scala3-compiler_3-3.2.0.jar (expected SHA-1 bb2991fe69c1a2012662f55dbf4f6d20fe533488 in /home/li/.cache/coursier/v1/https/repo1.maven.org/maven2/org/scala-lang/scala3-compiler_3/3.2.0/.scala3-compiler_3-3.2.0.jar__sha1, got dbe8aa04410df98a319a3bf6bbabf6be48937418)

	at coursierapi.error.DownloadingArtifactsError.of(DownloadingArtifactsError.java:23)
	at coursierapi.shaded.coursier.internal.api.ApiHelper$.doFetch(ApiHelper.scala:371)
	at coursierapi.shaded.coursier.internal.api.ApiHelper.doFetch(ApiHelper.scala)
	at coursierapi.Fetch.fetchResult(Fetch.java:244)
	at coursierapi.Fetch.fetch(Fetch.java:239)
	at scala.meta.internal.metals.Embedded$.downloadDependency(Embedded.scala:260)
	at scala.meta.internal.metals.Embedded$.downloadMtags(Embedded.scala:299)
	at scala.meta.internal.metals.MtagsResolver$Default.fetch$1(MtagsResolver.scala:40)
	at scala.meta.internal.metals.MtagsResolver$Default.$anonfun$resolve$4(MtagsResolver.scala:65)
	at java.util.concurrent.ConcurrentHashMap.compute(ConcurrentHashMap.java:1908)
	at scala.meta.internal.metals.MtagsResolver$Default.resolve(MtagsResolver.scala:63)
	at scala.meta.internal.metals.Compilers.createStandaloneCompiler(Compilers.scala:103)
	at scala.meta.internal.metals.Compilers.$anonfun$fallbackCompiler$1(Compilers.scala:154)
	at java.util.HashMap.compute(HashMap.java:1229)
	at java.util.Collections$SynchronizedMap.compute(Collections.java:2692)
	at scala.meta.internal.metals.Compilers.fallbackCompiler(Compilers.scala:123)
	at scala.meta.internal.metals.InteractiveSemanticdbs.$anonfun$scalaCompile$6(InteractiveSemanticdbs.scala:191)
	at scala.Option.getOrElse(Option.scala:201)
	at scala.meta.internal.metals.InteractiveSemanticdbs.scalaCompile(InteractiveSemanticdbs.scala:191)
	at scala.meta.internal.metals.InteractiveSemanticdbs.compile(InteractiveSemanticdbs.scala:168)
	at scala.meta.internal.metals.InteractiveSemanticdbs.$anonfun$textDocument$3(InteractiveSemanticdbs.scala:93)
	at scala.util.Try$.apply(Try.scala:210)
	at scala.meta.internal.metals.InteractiveSemanticdbs.$anonfun$textDocument$1(InteractiveSemanticdbs.scala:93)
	at java.util.HashMap.compute(HashMap.java:1229)
	at java.util.Collections$SynchronizedMap.compute(Collections.java:2692)
	at scala.meta.internal.metals.InteractiveSemanticdbs.textDocument(InteractiveSemanticdbs.scala:89)
	at scala.meta.internal.metals.InteractiveSemanticdbs.textDocument(InteractiveSemanticdbs.scala:63)
	at scala.meta.internal.metals.MetalsLanguageServer.$anonfun$didOpen$4(MetalsLanguageServer.scala:1100)
	at scala.concurrent.impl.Promise$Transformation.run(Promise.scala:467)
	at java.util.concurrent.ThreadPoolExecutor.runWorker(ThreadPoolExecutor.java:1128)
	at java.util.concurrent.ThreadPoolExecutor$Worker.run(ThreadPoolExecutor.java:628)
	at java.lang.Thread.run(Thread.java:829)

2022.10.20 10:30:53 INFO  no build target found for /home/li/liyanjun/java学习笔记/scala学习/test02.scala. Using presentation compiler with project's scala-library version: 2.13.9
2022.10.20 10:30:53 ERROR text document: file:///home/li/liyanjun/java%E5%AD%A6%E4%B9%A0%E7%AC%94%E8%AE%B0/scala%E5%AD%A6%E4%B9%A0/test02.scalajava.nio.file.NoSuchFileException: /home/li/liyanjun/java学习笔记/scala学习/test02.scala
	at sun.nio.fs.UnixException.translateToIOException(UnixException.java:92)
	at sun.nio.fs.UnixException.rethrowAsIOException(UnixException.java:111)
	at sun.nio.fs.UnixException.rethrowAsIOException(UnixException.java:116)
	at sun.nio.fs.UnixFileSystemProvider.newByteChannel(UnixFileSystemProvider.java:219)
	at java.nio.file.Files.newByteChannel(Files.java:371)
	at java.nio.file.Files.newByteChannel(Files.java:422)
	at java.nio.file.Files.readAllBytes(Files.java:3206)
	at scala.meta.internal.io.PlatformFileIO$.slurp(PlatformFileIO.scala:45)
	at scala.meta.internal.io.FileIO$.slurp(FileIO.scala:24)
	at scala.meta.internal.metals.InteractiveSemanticdbs.$anonfun$textDocument$2(InteractiveSemanticdbs.scala:90)
	at scala.Option.getOrElse(Option.scala:201)
	at scala.meta.internal.metals.InteractiveSemanticdbs.$anonfun$textDocument$1(InteractiveSemanticdbs.scala:90)
	at java.util.HashMap.compute(HashMap.java:1229)
	at java.util.Collections$SynchronizedMap.compute(Collections.java:2692)
	at scala.meta.internal.metals.InteractiveSemanticdbs.textDocument(InteractiveSemanticdbs.scala:89)
	at scala.meta.internal.metals.InteractiveSemanticdbs.textDocument(InteractiveSemanticdbs.scala:63)
	at scala.meta.internal.metals.AggregateSemanticdbs.loop$1(AggregateSemanticdbs.scala:30)
	at scala.meta.internal.metals.AggregateSemanticdbs.textDocument(AggregateSemanticdbs.scala:36)
	at scala.meta.internal.metals.CodeLensProvider.findLenses(CodeLensProvider.scala:22)
	at scala.meta.internal.metals.MetalsLanguageServer.$anonfun$codeLens$2(MetalsLanguageServer.scala:1744)
	at scala.meta.internal.metals.TimerProvider.timedThunk(TimerProvider.scala:25)
	at scala.meta.internal.metals.MetalsLanguageServer.$anonfun$codeLens$1(MetalsLanguageServer.scala:1742)
	at scala.meta.internal.metals.CancelTokens$.$anonfun$apply$2(CancelTokens.scala:26)
	at scala.concurrent.Future$.$anonfun$apply$1(Future.scala:678)
	at scala.concurrent.impl.Promise$Transformation.run(Promise.scala:467)
	at java.util.concurrent.ThreadPoolExecutor.runWorker(ThreadPoolExecutor.java:1128)
	at java.util.concurrent.ThreadPoolExecutor$Worker.run(ThreadPoolExecutor.java:628)
	at java.lang.Thread.run(Thread.java:829)

2022.10.20 10:30:53 ERROR text document: file:///home/li/liyanjun/java%E5%AD%A6%E4%B9%A0%E7%AC%94%E8%AE%B0/scala%E5%AD%A6%E4%B9%A0/test02.scalajava.nio.file.NoSuchFileException: /home/li/liyanjun/java学习笔记/scala学习/test02.scala
	at sun.nio.fs.UnixException.translateToIOException(UnixException.java:92)
	at sun.nio.fs.UnixException.rethrowAsIOException(UnixException.java:111)
	at sun.nio.fs.UnixException.rethrowAsIOException(UnixException.java:116)
	at sun.nio.fs.UnixFileSystemProvider.newByteChannel(UnixFileSystemProvider.java:219)
	at java.nio.file.Files.newByteChannel(Files.java:371)
	at java.nio.file.Files.newByteChannel(Files.java:422)
	at java.nio.file.Files.readAllBytes(Files.java:3206)
	at scala.meta.internal.io.PlatformFileIO$.slurp(PlatformFileIO.scala:45)
	at scala.meta.internal.io.FileIO$.slurp(FileIO.scala:24)
	at scala.meta.internal.metals.InteractiveSemanticdbs.$anonfun$textDocument$2(InteractiveSemanticdbs.scala:90)
	at scala.Option.getOrElse(Option.scala:201)
	at scala.meta.internal.metals.InteractiveSemanticdbs.$anonfun$textDocument$1(InteractiveSemanticdbs.scala:90)
	at java.util.HashMap.compute(HashMap.java:1229)
	at java.util.Collections$SynchronizedMap.compute(Collections.java:2692)
	at scala.meta.internal.metals.InteractiveSemanticdbs.textDocument(InteractiveSemanticdbs.scala:89)
	at scala.meta.internal.metals.InteractiveSemanticdbs.textDocument(InteractiveSemanticdbs.scala:63)
	at scala.meta.internal.metals.AggregateSemanticdbs.loop$1(AggregateSemanticdbs.scala:30)
	at scala.meta.internal.metals.AggregateSemanticdbs.textDocument(AggregateSemanticdbs.scala:36)
	at scala.meta.internal.metals.CodeLensProvider.findLenses(CodeLensProvider.scala:22)
	at scala.meta.internal.metals.MetalsLanguageServer.$anonfun$codeLens$2(MetalsLanguageServer.scala:1744)
	at scala.meta.internal.metals.TimerProvider.timedThunk(TimerProvider.scala:25)
	at scala.meta.internal.metals.MetalsLanguageServer.$anonfun$codeLens$1(MetalsLanguageServer.scala:1742)
	at scala.meta.internal.metals.CancelTokens$.$anonfun$apply$2(CancelTokens.scala:26)
	at scala.concurrent.Future$.$anonfun$apply$1(Future.scala:678)
	at scala.concurrent.impl.Promise$Transformation.run(Promise.scala:467)
	at java.util.concurrent.ThreadPoolExecutor.runWorker(ThreadPoolExecutor.java:1128)
	at java.util.concurrent.ThreadPoolExecutor$Worker.run(ThreadPoolExecutor.java:628)
	at java.lang.Thread.run(Thread.java:829)

2022.10.20 10:30:53 ERROR text document: file:///home/li/liyanjun/java%E5%AD%A6%E4%B9%A0%E7%AC%94%E8%AE%B0/scala%E5%AD%A6%E4%B9%A0/test01.scalajava.nio.file.NoSuchFileException: /home/li/liyanjun/java学习笔记/scala学习/test01.scala
	at sun.nio.fs.UnixException.translateToIOException(UnixException.java:92)
	at sun.nio.fs.UnixException.rethrowAsIOException(UnixException.java:111)
	at sun.nio.fs.UnixException.rethrowAsIOException(UnixException.java:116)
	at sun.nio.fs.UnixFileSystemProvider.newByteChannel(UnixFileSystemProvider.java:219)
	at java.nio.file.Files.newByteChannel(Files.java:371)
	at java.nio.file.Files.newByteChannel(Files.java:422)
	at java.nio.file.Files.readAllBytes(Files.java:3206)
	at scala.meta.internal.io.PlatformFileIO$.slurp(PlatformFileIO.scala:45)
	at scala.meta.internal.io.FileIO$.slurp(FileIO.scala:24)
	at scala.meta.internal.metals.InteractiveSemanticdbs.$anonfun$textDocument$2(InteractiveSemanticdbs.scala:90)
	at scala.Option.getOrElse(Option.scala:201)
	at scala.meta.internal.metals.InteractiveSemanticdbs.$anonfun$textDocument$1(InteractiveSemanticdbs.scala:90)
	at java.util.HashMap.compute(HashMap.java:1229)
	at java.util.Collections$SynchronizedMap.compute(Collections.java:2692)
	at scala.meta.internal.metals.InteractiveSemanticdbs.textDocument(InteractiveSemanticdbs.scala:89)
	at scala.meta.internal.metals.InteractiveSemanticdbs.textDocument(InteractiveSemanticdbs.scala:63)
	at scala.meta.internal.metals.AggregateSemanticdbs.loop$1(AggregateSemanticdbs.scala:30)
	at scala.meta.internal.metals.AggregateSemanticdbs.textDocument(AggregateSemanticdbs.scala:36)
	at scala.meta.internal.metals.CodeLensProvider.findLenses(CodeLensProvider.scala:22)
	at scala.meta.internal.metals.MetalsLanguageServer.$anonfun$codeLens$2(MetalsLanguageServer.scala:1744)
	at scala.meta.internal.metals.TimerProvider.timedThunk(TimerProvider.scala:25)
	at scala.meta.internal.metals.MetalsLanguageServer.$anonfun$codeLens$1(MetalsLanguageServer.scala:1742)
	at scala.meta.internal.metals.CancelTokens$.$anonfun$apply$2(CancelTokens.scala:26)
	at scala.concurrent.Future$.$anonfun$apply$1(Future.scala:678)
	at scala.concurrent.impl.Promise$Transformation.run(Promise.scala:467)
	at java.util.concurrent.ThreadPoolExecutor.runWorker(ThreadPoolExecutor.java:1128)
	at java.util.concurrent.ThreadPoolExecutor$Worker.run(ThreadPoolExecutor.java:628)
	at java.lang.Thread.run(Thread.java:829)

2022.10.20 10:30:53 ERROR text document: file:///home/li/liyanjun/java%E5%AD%A6%E4%B9%A0%E7%AC%94%E8%AE%B0/scala%E5%AD%A6%E4%B9%A0/test02.scalajava.nio.file.NoSuchFileException: /home/li/liyanjun/java学习笔记/scala学习/test02.scala
	at sun.nio.fs.UnixException.translateToIOException(UnixException.java:92)
	at sun.nio.fs.UnixException.rethrowAsIOException(UnixException.java:111)
	at sun.nio.fs.UnixException.rethrowAsIOException(UnixException.java:116)
	at sun.nio.fs.UnixFileSystemProvider.newByteChannel(UnixFileSystemProvider.java:219)
	at java.nio.file.Files.newByteChannel(Files.java:371)
	at java.nio.file.Files.newByteChannel(Files.java:422)
	at java.nio.file.Files.readAllBytes(Files.java:3206)
	at scala.meta.internal.io.PlatformFileIO$.slurp(PlatformFileIO.scala:45)
	at scala.meta.internal.io.FileIO$.slurp(FileIO.scala:24)
	at scala.meta.internal.metals.InteractiveSemanticdbs.$anonfun$textDocument$2(InteractiveSemanticdbs.scala:90)
	at scala.Option.getOrElse(Option.scala:201)
	at scala.meta.internal.metals.InteractiveSemanticdbs.$anonfun$textDocument$1(InteractiveSemanticdbs.scala:90)
	at java.util.HashMap.compute(HashMap.java:1229)
	at java.util.Collections$SynchronizedMap.compute(Collections.java:2692)
	at scala.meta.internal.metals.InteractiveSemanticdbs.textDocument(InteractiveSemanticdbs.scala:89)
	at scala.meta.internal.metals.InteractiveSemanticdbs.textDocument(InteractiveSemanticdbs.scala:63)
	at scala.meta.internal.metals.AggregateSemanticdbs.loop$1(AggregateSemanticdbs.scala:30)
	at scala.meta.internal.metals.AggregateSemanticdbs.textDocument(AggregateSemanticdbs.scala:36)
	at scala.meta.internal.metals.CodeLensProvider.findLenses(CodeLensProvider.scala:22)
	at scala.meta.internal.metals.MetalsLanguageServer.$anonfun$codeLens$2(MetalsLanguageServer.scala:1744)
	at scala.meta.internal.metals.TimerProvider.timedThunk(TimerProvider.scala:25)
	at scala.meta.internal.metals.MetalsLanguageServer.$anonfun$codeLens$1(MetalsLanguageServer.scala:1742)
	at scala.meta.internal.metals.CancelTokens$.$anonfun$apply$2(CancelTokens.scala:26)
	at scala.concurrent.Future$.$anonfun$apply$1(Future.scala:678)
	at scala.concurrent.impl.Promise$Transformation.run(Promise.scala:467)
	at java.util.concurrent.ThreadPoolExecutor.runWorker(ThreadPoolExecutor.java:1128)
	at java.util.concurrent.ThreadPoolExecutor$Worker.run(ThreadPoolExecutor.java:628)
	at java.lang.Thread.run(Thread.java:829)

2022.10.20 10:30:53 INFO  time: code lens generation in 10m29s
2022.10.20 10:30:53 INFO  time: code lens generation in 10m58s
2022.10.20 10:30:53 INFO  time: code lens generation in 10m58s
2022.10.20 10:30:53 INFO  time: code lens generation in 10m30s
2022.10.20 10:32:18 ERROR Failed to fetch mtags for 3.2.0coursierapi.error.DownloadingArtifactsError: https://repo1.maven.org/maven2/org/scala-lang/scala3-compiler_3/3.2.0/scala3-compiler_3-3.2.0.jar: wrong checksum: /home/li/.cache/coursier/v1/https/repo1.maven.org/maven2/org/scala-lang/scala3-compiler_3/3.2.0/scala3-compiler_3-3.2.0.jar (expected SHA-1 bb2991fe69c1a2012662f55dbf4f6d20fe533488 in /home/li/.cache/coursier/v1/https/repo1.maven.org/maven2/org/scala-lang/scala3-compiler_3/3.2.0/.scala3-compiler_3-3.2.0.jar__sha1, got 17e04acbe37970e66c498eb4800109f7bb34235a)

	at coursierapi.error.DownloadingArtifactsError.of(DownloadingArtifactsError.java:23)
	at coursierapi.shaded.coursier.internal.api.ApiHelper$.doFetch(ApiHelper.scala:371)
	at coursierapi.shaded.coursier.internal.api.ApiHelper.doFetch(ApiHelper.scala)
	at coursierapi.Fetch.fetchResult(Fetch.java:244)
	at coursierapi.Fetch.fetch(Fetch.java:239)
	at scala.meta.internal.metals.Embedded$.downloadDependency(Embedded.scala:260)
	at scala.meta.internal.metals.Embedded$.downloadMtags(Embedded.scala:299)
	at scala.meta.internal.metals.MtagsResolver$Default.fetch$1(MtagsResolver.scala:40)
	at scala.meta.internal.metals.MtagsResolver$Default.$anonfun$resolve$4(MtagsResolver.scala:69)
	at java.util.concurrent.ConcurrentHashMap.compute(ConcurrentHashMap.java:1932)
	at scala.meta.internal.metals.MtagsResolver$Default.resolve(MtagsResolver.scala:63)
	at scala.meta.internal.metals.Compilers.createStandaloneCompiler(Compilers.scala:103)
	at scala.meta.internal.metals.Compilers.$anonfun$fallbackCompiler$1(Compilers.scala:154)
	at java.util.HashMap.compute(HashMap.java:1229)
	at java.util.Collections$SynchronizedMap.compute(Collections.java:2692)
	at scala.meta.internal.metals.Compilers.fallbackCompiler(Compilers.scala:123)
	at scala.meta.internal.metals.InteractiveSemanticdbs.$anonfun$scalaCompile$6(InteractiveSemanticdbs.scala:191)
	at scala.Option.getOrElse(Option.scala:201)
	at scala.meta.internal.metals.InteractiveSemanticdbs.scalaCompile(InteractiveSemanticdbs.scala:191)
	at scala.meta.internal.metals.InteractiveSemanticdbs.compile(InteractiveSemanticdbs.scala:168)
	at scala.meta.internal.metals.InteractiveSemanticdbs.$anonfun$textDocument$3(InteractiveSemanticdbs.scala:93)
	at scala.util.Try$.apply(Try.scala:210)
	at scala.meta.internal.metals.InteractiveSemanticdbs.$anonfun$textDocument$1(InteractiveSemanticdbs.scala:93)
	at java.util.HashMap.compute(HashMap.java:1229)
	at java.util.Collections$SynchronizedMap.compute(Collections.java:2692)
	at scala.meta.internal.metals.InteractiveSemanticdbs.textDocument(InteractiveSemanticdbs.scala:89)
	at scala.meta.internal.metals.InteractiveSemanticdbs.textDocument(InteractiveSemanticdbs.scala:63)
	at scala.meta.internal.metals.AggregateSemanticdbs.loop$1(AggregateSemanticdbs.scala:30)
	at scala.meta.internal.metals.AggregateSemanticdbs.textDocument(AggregateSemanticdbs.scala:36)
	at scala.meta.internal.metals.CodeLensProvider.findLenses(CodeLensProvider.scala:22)
	at scala.meta.internal.metals.MetalsLanguageServer.$anonfun$codeLens$2(MetalsLanguageServer.scala:1744)
	at scala.meta.internal.metals.TimerProvider.timedThunk(TimerProvider.scala:25)
	at scala.meta.internal.metals.MetalsLanguageServer.$anonfun$codeLens$1(MetalsLanguageServer.scala:1742)
	at scala.meta.internal.metals.CancelTokens$.$anonfun$apply$2(CancelTokens.scala:26)
	at scala.concurrent.Future$.$anonfun$apply$1(Future.scala:678)
	at scala.concurrent.impl.Promise$Transformation.run(Promise.scala:467)
	at java.util.concurrent.ThreadPoolExecutor.runWorker(ThreadPoolExecutor.java:1128)
	at java.util.concurrent.ThreadPoolExecutor$Worker.run(ThreadPoolExecutor.java:628)
	at java.lang.Thread.run(Thread.java:829)

2022.10.20 10:32:18 INFO  no build target found for /home/li/liyanjun/java学习笔记/scala学习/test01.scala. Using presentation compiler with project's scala-library version: 2.13.9
2022.10.20 10:32:19 INFO  time: code lens generation in 14m24s
2022.10.20 10:32:20 INFO  No mtags for 3.2.0.
2022.10.20 10:32:20 INFO  no build target found for /home/li/liyanjun/java学习笔记/scala学习/test01.scala. Using presentation compiler with project's scala-library version: 2.13.9
2022.10.20 10:32:20 INFO  time: code lens generation in 14m26s
2022.10.20 10:35:03 ERROR Failed to fetch mtags for 3.2.0coursierapi.error.DownloadingArtifactsError: https://repo1.maven.org/maven2/org/scala-lang/scala3-compiler_3/3.2.0/scala3-compiler_3-3.2.0.jar: download error: Caught java.nio.file.NoSuchFileException (/home/li/.cache/coursier/v1/https/repo1.maven.org/maven2/org/scala-lang/scala3-compiler_3/3.2.0/.scala3-compiler_3-3.2.0.jar.part -> /home/li/.cache/coursier/v1/https/repo1.maven.org/maven2/org/scala-lang/scala3-compiler_3/3.2.0/scala3-compiler_3-3.2.0.jar) while downloading https://repo1.maven.org/maven2/org/scala-lang/scala3-compiler_3/3.2.0/scala3-compiler_3-3.2.0.jar

	at coursierapi.error.DownloadingArtifactsError.of(DownloadingArtifactsError.java:23)
	at coursierapi.shaded.coursier.internal.api.ApiHelper$.doFetch(ApiHelper.scala:371)
	at coursierapi.shaded.coursier.internal.api.ApiHelper.doFetch(ApiHelper.scala)
	at coursierapi.Fetch.fetchResult(Fetch.java:244)
	at coursierapi.Fetch.fetch(Fetch.java:239)
	at scala.meta.internal.metals.Embedded$.downloadDependency(Embedded.scala:260)
	at scala.meta.internal.metals.Embedded$.downloadMtags(Embedded.scala:299)
	at scala.meta.internal.metals.MtagsResolver$Default.fetch$1(MtagsResolver.scala:40)
	at scala.meta.internal.metals.MtagsResolver$Default.$anonfun$resolve$4(MtagsResolver.scala:69)
	at java.util.concurrent.ConcurrentHashMap.compute(ConcurrentHashMap.java:1932)
	at scala.meta.internal.metals.MtagsResolver$Default.resolve(MtagsResolver.scala:63)
	at scala.meta.internal.metals.Compilers.createStandaloneCompiler(Compilers.scala:103)
	at scala.meta.internal.metals.Compilers.$anonfun$fallbackCompiler$1(Compilers.scala:154)
	at java.util.HashMap.compute(HashMap.java:1229)
	at java.util.Collections$SynchronizedMap.compute(Collections.java:2692)
	at scala.meta.internal.metals.Compilers.fallbackCompiler(Compilers.scala:123)
	at scala.meta.internal.metals.Compilers.fromBuildTarget$1(Compilers.scala:549)
	at scala.meta.internal.metals.Compilers.loadCompiler(Compilers.scala:557)
	at scala.meta.internal.metals.Compilers.withPCAndAdjustLsp(Compilers.scala:733)
	at scala.meta.internal.metals.Compilers.hover(Compilers.scala:484)
	at scala.meta.internal.metals.MetalsLanguageServer.$anonfun$hover$1(MetalsLanguageServer.scala:1515)
	at scala.meta.internal.metals.CancelTokens$.future(CancelTokens.scala:38)
	at scala.meta.internal.metals.MetalsLanguageServer.hover(MetalsLanguageServer.scala:1513)
	at jdk.internal.reflect.NativeMethodAccessorImpl.invoke0(Native Method)
	at jdk.internal.reflect.NativeMethodAccessorImpl.invoke(NativeMethodAccessorImpl.java:62)
	at jdk.internal.reflect.DelegatingMethodAccessorImpl.invoke(DelegatingMethodAccessorImpl.java:43)
	at java.lang.reflect.Method.invoke(Method.java:566)
	at org.eclipse.lsp4j.jsonrpc.services.GenericEndpoint.lambda$null$0(GenericEndpoint.java:65)
	at org.eclipse.lsp4j.jsonrpc.services.GenericEndpoint.request(GenericEndpoint.java:120)
	at org.eclipse.lsp4j.jsonrpc.RemoteEndpoint.handleRequest(RemoteEndpoint.java:261)
	at org.eclipse.lsp4j.jsonrpc.RemoteEndpoint.consume(RemoteEndpoint.java:190)
	at org.eclipse.lsp4j.jsonrpc.json.StreamMessageProducer.handleMessage(StreamMessageProducer.java:194)
	at org.eclipse.lsp4j.jsonrpc.json.StreamMessageProducer.listen(StreamMessageProducer.java:94)
	at org.eclipse.lsp4j.jsonrpc.json.ConcurrentMessageProcessor.run(ConcurrentMessageProcessor.java:113)
	at java.util.concurrent.Executors$RunnableAdapter.call(Executors.java:515)
	at java.util.concurrent.FutureTask.run(FutureTask.java:264)
	at java.util.concurrent.ThreadPoolExecutor.runWorker(ThreadPoolExecutor.java:1128)
	at java.util.concurrent.ThreadPoolExecutor$Worker.run(ThreadPoolExecutor.java:628)
	at java.lang.Thread.run(Thread.java:829)

2022.10.20 10:35:03 INFO  no build target found for /home/li/liyanjun/java学习笔记/scala学习/test02.scala. Using presentation compiler with project's scala-library version: 2.13.9
2022.10.20 10:35:04 INFO  no build target found for /home/li/liyanjun/java学习笔记/scala学习/test02.scala. Using presentation compiler with project's scala-library version: 3.2.0
10月 20, 2022 10:35:05 上午 org.eclipse.lsp4j.jsonrpc.RemoteEndpoint handleCancellation
警告: Unmatched cancel notification for request id 14
2022.10.20 10:35:05 ERROR text document: file:///home/li/liyanjun/java%E5%AD%A6%E4%B9%A0%E7%AC%94%E8%AE%B0/scala%E5%AD%A6%E4%B9%A0/test02.scalajava.nio.file.NoSuchFileException: /home/li/liyanjun/java学习笔记/scala学习/test02.scala
	at sun.nio.fs.UnixException.translateToIOException(UnixException.java:92)
	at sun.nio.fs.UnixException.rethrowAsIOException(UnixException.java:111)
	at sun.nio.fs.UnixException.rethrowAsIOException(UnixException.java:116)
	at sun.nio.fs.UnixFileSystemProvider.newByteChannel(UnixFileSystemProvider.java:219)
	at java.nio.file.Files.newByteChannel(Files.java:371)
	at java.nio.file.Files.newByteChannel(Files.java:422)
	at java.nio.file.Files.readAllBytes(Files.java:3206)
	at scala.meta.internal.io.PlatformFileIO$.slurp(PlatformFileIO.scala:45)
	at scala.meta.internal.io.FileIO$.slurp(FileIO.scala:24)
	at scala.meta.internal.metals.InteractiveSemanticdbs.$anonfun$textDocument$2(InteractiveSemanticdbs.scala:90)
	at scala.Option.getOrElse(Option.scala:201)
	at scala.meta.internal.metals.InteractiveSemanticdbs.$anonfun$textDocument$1(InteractiveSemanticdbs.scala:90)
	at java.util.HashMap.compute(HashMap.java:1229)
	at java.util.Collections$SynchronizedMap.compute(Collections.java:2692)
	at scala.meta.internal.metals.InteractiveSemanticdbs.textDocument(InteractiveSemanticdbs.scala:89)
	at scala.meta.internal.metals.InteractiveSemanticdbs.textDocument(InteractiveSemanticdbs.scala:63)
	at scala.meta.internal.metals.AggregateSemanticdbs.loop$1(AggregateSemanticdbs.scala:30)
	at scala.meta.internal.metals.AggregateSemanticdbs.textDocument(AggregateSemanticdbs.scala:36)
	at scala.meta.internal.metals.CodeLensProvider.findLenses(CodeLensProvider.scala:22)
	at scala.meta.internal.metals.MetalsLanguageServer.$anonfun$codeLens$2(MetalsLanguageServer.scala:1744)
	at scala.meta.internal.metals.TimerProvider.timedThunk(TimerProvider.scala:25)
	at scala.meta.internal.metals.MetalsLanguageServer.$anonfun$codeLens$1(MetalsLanguageServer.scala:1742)
	at scala.meta.internal.metals.CancelTokens$.$anonfun$apply$2(CancelTokens.scala:26)
	at scala.concurrent.Future$.$anonfun$apply$1(Future.scala:678)
	at scala.concurrent.impl.Promise$Transformation.run(Promise.scala:467)
	at java.util.concurrent.ThreadPoolExecutor.runWorker(ThreadPoolExecutor.java:1128)
	at java.util.concurrent.ThreadPoolExecutor$Worker.run(ThreadPoolExecutor.java:628)
	at java.lang.Thread.run(Thread.java:829)

10月 20, 2022 10:35:05 上午 org.eclipse.lsp4j.jsonrpc.RemoteEndpoint handleCancellation
警告: Unmatched cancel notification for request id 19
10月 20, 2022 10:35:05 上午 org.eclipse.lsp4j.jsonrpc.RemoteEndpoint handleCancellation
警告: Unmatched cancel notification for request id 18
2022.10.20 10:35:05 ERROR text document: file:///home/li/liyanjun/java%E5%AD%A6%E4%B9%A0%E7%AC%94%E8%AE%B0/scala%E5%AD%A6%E4%B9%A0/test02.scalajava.nio.file.NoSuchFileException: /home/li/liyanjun/java学习笔记/scala学习/test02.scala
	at sun.nio.fs.UnixException.translateToIOException(UnixException.java:92)
	at sun.nio.fs.UnixException.rethrowAsIOException(UnixException.java:111)
	at sun.nio.fs.UnixException.rethrowAsIOException(UnixException.java:116)
	at sun.nio.fs.UnixFileSystemProvider.newByteChannel(UnixFileSystemProvider.java:219)
	at java.nio.file.Files.newByteChannel(Files.java:371)
	at java.nio.file.Files.newByteChannel(Files.java:422)
	at java.nio.file.Files.readAllBytes(Files.java:3206)
	at scala.meta.internal.io.PlatformFileIO$.slurp(PlatformFileIO.scala:45)
	at scala.meta.internal.io.FileIO$.slurp(FileIO.scala:24)
	at scala.meta.internal.metals.InteractiveSemanticdbs.$anonfun$textDocument$2(InteractiveSemanticdbs.scala:90)
	at scala.Option.getOrElse(Option.scala:201)
	at scala.meta.internal.metals.InteractiveSemanticdbs.$anonfun$textDocument$1(InteractiveSemanticdbs.scala:90)
	at java.util.HashMap.compute(HashMap.java:1229)
	at java.util.Collections$SynchronizedMap.compute(Collections.java:2692)
	at scala.meta.internal.metals.InteractiveSemanticdbs.textDocument(InteractiveSemanticdbs.scala:89)
	at scala.meta.internal.metals.InteractiveSemanticdbs.textDocument(InteractiveSemanticdbs.scala:63)
	at scala.meta.internal.metals.AggregateSemanticdbs.loop$1(AggregateSemanticdbs.scala:30)
	at scala.meta.internal.metals.AggregateSemanticdbs.textDocument(AggregateSemanticdbs.scala:36)
	at scala.meta.internal.metals.CodeLensProvider.findLenses(CodeLensProvider.scala:22)
	at scala.meta.internal.metals.MetalsLanguageServer.$anonfun$codeLens$2(MetalsLanguageServer.scala:1744)
	at scala.meta.internal.metals.TimerProvider.timedThunk(TimerProvider.scala:25)
	at scala.meta.internal.metals.MetalsLanguageServer.$anonfun$codeLens$1(MetalsLanguageServer.scala:1742)
	at scala.meta.internal.metals.CancelTokens$.$anonfun$apply$2(CancelTokens.scala:26)
	at scala.concurrent.Future$.$anonfun$apply$1(Future.scala:678)
	at scala.concurrent.impl.Promise$Transformation.run(Promise.scala:467)
	at java.util.concurrent.ThreadPoolExecutor.runWorker(ThreadPoolExecutor.java:1128)
	at java.util.concurrent.ThreadPoolExecutor$Worker.run(ThreadPoolExecutor.java:628)
	at java.lang.Thread.run(Thread.java:829)

2022.10.20 10:35:04 ERROR text document: file:///home/li/liyanjun/java%E5%AD%A6%E4%B9%A0%E7%AC%94%E8%AE%B0/scala%E5%AD%A6%E4%B9%A0/test02.scalajava.nio.file.NoSuchFileException: /home/li/liyanjun/java学习笔记/scala学习/test02.scala
	at sun.nio.fs.UnixException.translateToIOException(UnixException.java:92)
	at sun.nio.fs.UnixException.rethrowAsIOException(UnixException.java:111)
	at sun.nio.fs.UnixException.rethrowAsIOException(UnixException.java:116)
	at sun.nio.fs.UnixFileSystemProvider.newByteChannel(UnixFileSystemProvider.java:219)
	at java.nio.file.Files.newByteChannel(Files.java:371)
	at java.nio.file.Files.newByteChannel(Files.java:422)
	at java.nio.file.Files.readAllBytes(Files.java:3206)
	at scala.meta.internal.io.PlatformFileIO$.slurp(PlatformFileIO.scala:45)
	at scala.meta.internal.io.FileIO$.slurp(FileIO.scala:24)
	at scala.meta.internal.metals.InteractiveSemanticdbs.$anonfun$textDocument$2(InteractiveSemanticdbs.scala:90)
	at scala.Option.getOrElse(Option.scala:201)
	at scala.meta.internal.metals.InteractiveSemanticdbs.$anonfun$textDocument$1(InteractiveSemanticdbs.scala:90)
	at java.util.HashMap.compute(HashMap.java:1229)
	at java.util.Collections$SynchronizedMap.compute(Collections.java:2692)
	at scala.meta.internal.metals.InteractiveSemanticdbs.textDocument(InteractiveSemanticdbs.scala:89)
	at scala.meta.internal.metals.InteractiveSemanticdbs.textDocument(InteractiveSemanticdbs.scala:63)
	at scala.meta.internal.metals.AggregateSemanticdbs.loop$1(AggregateSemanticdbs.scala:30)
	at scala.meta.internal.metals.AggregateSemanticdbs.textDocument(AggregateSemanticdbs.scala:36)
	at scala.meta.internal.metals.MetalsLanguageServer.definitionOrReferences(MetalsLanguageServer.scala:2594)
	at scala.meta.internal.metals.MetalsLanguageServer.$anonfun$definition$1(MetalsLanguageServer.scala:1490)
	at scala.meta.internal.metals.CancelTokens$.future(CancelTokens.scala:38)
	at scala.meta.internal.metals.MetalsLanguageServer.definition(MetalsLanguageServer.scala:1489)
	at jdk.internal.reflect.NativeMethodAccessorImpl.invoke0(Native Method)
	at jdk.internal.reflect.NativeMethodAccessorImpl.invoke(NativeMethodAccessorImpl.java:62)
	at jdk.internal.reflect.DelegatingMethodAccessorImpl.invoke(DelegatingMethodAccessorImpl.java:43)
	at java.lang.reflect.Method.invoke(Method.java:566)
	at org.eclipse.lsp4j.jsonrpc.services.GenericEndpoint.lambda$null$0(GenericEndpoint.java:65)
	at org.eclipse.lsp4j.jsonrpc.services.GenericEndpoint.request(GenericEndpoint.java:120)
	at org.eclipse.lsp4j.jsonrpc.RemoteEndpoint.handleRequest(RemoteEndpoint.java:261)
	at org.eclipse.lsp4j.jsonrpc.RemoteEndpoint.consume(RemoteEndpoint.java:190)
	at org.eclipse.lsp4j.jsonrpc.json.StreamMessageProducer.handleMessage(StreamMessageProducer.java:194)
	at org.eclipse.lsp4j.jsonrpc.json.StreamMessageProducer.listen(StreamMessageProducer.java:94)
	at org.eclipse.lsp4j.jsonrpc.json.ConcurrentMessageProcessor.run(ConcurrentMessageProcessor.java:113)
	at java.util.concurrent.Executors$RunnableAdapter.call(Executors.java:515)
	at java.util.concurrent.FutureTask.run(FutureTask.java:264)
	at java.util.concurrent.ThreadPoolExecutor.runWorker(ThreadPoolExecutor.java:1128)
	at java.util.concurrent.ThreadPoolExecutor$Worker.run(ThreadPoolExecutor.java:628)
	at java.lang.Thread.run(Thread.java:829)

2022.10.20 10:35:04 ERROR text document: file:///home/li/liyanjun/java%E5%AD%A6%E4%B9%A0%E7%AC%94%E8%AE%B0/scala%E5%AD%A6%E4%B9%A0/test02.scalajava.nio.file.NoSuchFileException: /home/li/liyanjun/java学习笔记/scala学习/test02.scala
	at sun.nio.fs.UnixException.translateToIOException(UnixException.java:92)
	at sun.nio.fs.UnixException.rethrowAsIOException(UnixException.java:111)
	at sun.nio.fs.UnixException.rethrowAsIOException(UnixException.java:116)
	at sun.nio.fs.UnixFileSystemProvider.newByteChannel(UnixFileSystemProvider.java:219)
	at java.nio.file.Files.newByteChannel(Files.java:371)
	at java.nio.file.Files.newByteChannel(Files.java:422)
	at java.nio.file.Files.readAllBytes(Files.java:3206)
	at scala.meta.internal.io.PlatformFileIO$.slurp(PlatformFileIO.scala:45)
	at scala.meta.internal.io.FileIO$.slurp(FileIO.scala:24)
	at scala.meta.internal.metals.InteractiveSemanticdbs.$anonfun$textDocument$2(InteractiveSemanticdbs.scala:90)
	at scala.Option.getOrElse(Option.scala:201)
	at scala.meta.internal.metals.InteractiveSemanticdbs.$anonfun$textDocument$1(InteractiveSemanticdbs.scala:90)
	at java.util.HashMap.compute(HashMap.java:1229)
	at java.util.Collections$SynchronizedMap.compute(Collections.java:2692)
	at scala.meta.internal.metals.InteractiveSemanticdbs.textDocument(InteractiveSemanticdbs.scala:89)
	at scala.meta.internal.metals.InteractiveSemanticdbs.textDocument(InteractiveSemanticdbs.scala:63)
	at scala.meta.internal.metals.AggregateSemanticdbs.loop$1(AggregateSemanticdbs.scala:30)
	at scala.meta.internal.metals.AggregateSemanticdbs.textDocument(AggregateSemanticdbs.scala:36)
	at scala.meta.internal.metals.DefinitionProvider.definition(DefinitionProvider.scala:83)
	at scala.meta.internal.metals.MetalsLanguageServer.$anonfun$definitionResult$1(MetalsLanguageServer.scala:2657)
	at scala.meta.internal.metals.TimerProvider.timedThunk(TimerProvider.scala:25)
	at scala.meta.internal.metals.MetalsLanguageServer.definitionResult(MetalsLanguageServer.scala:2657)
	at scala.meta.internal.metals.MetalsLanguageServer.definitionOrReferences(MetalsLanguageServer.scala:2633)
	at scala.meta.internal.metals.MetalsLanguageServer.$anonfun$definition$1(MetalsLanguageServer.scala:1490)
	at scala.meta.internal.metals.CancelTokens$.future(CancelTokens.scala:38)
	at scala.meta.internal.metals.MetalsLanguageServer.definition(MetalsLanguageServer.scala:1489)
	at jdk.internal.reflect.NativeMethodAccessorImpl.invoke0(Native Method)
	at jdk.internal.reflect.NativeMethodAccessorImpl.invoke(NativeMethodAccessorImpl.java:62)
	at jdk.internal.reflect.DelegatingMethodAccessorImpl.invoke(DelegatingMethodAccessorImpl.java:43)
	at java.lang.reflect.Method.invoke(Method.java:566)
	at org.eclipse.lsp4j.jsonrpc.services.GenericEndpoint.lambda$null$0(GenericEndpoint.java:65)
	at org.eclipse.lsp4j.jsonrpc.services.GenericEndpoint.request(GenericEndpoint.java:120)
	at org.eclipse.lsp4j.jsonrpc.RemoteEndpoint.handleRequest(RemoteEndpoint.java:261)
	at org.eclipse.lsp4j.jsonrpc.RemoteEndpoint.consume(RemoteEndpoint.java:190)
	at org.eclipse.lsp4j.jsonrpc.json.StreamMessageProducer.handleMessage(StreamMessageProducer.java:194)
	at org.eclipse.lsp4j.jsonrpc.json.StreamMessageProducer.listen(StreamMessageProducer.java:94)
	at org.eclipse.lsp4j.jsonrpc.json.ConcurrentMessageProcessor.run(ConcurrentMessageProcessor.java:113)
	at java.util.concurrent.Executors$RunnableAdapter.call(Executors.java:515)
	at java.util.concurrent.FutureTask.run(FutureTask.java:264)
	at java.util.concurrent.ThreadPoolExecutor.runWorker(ThreadPoolExecutor.java:1128)
	at java.util.concurrent.ThreadPoolExecutor$Worker.run(ThreadPoolExecutor.java:628)
	at java.lang.Thread.run(Thread.java:829)

10月 20, 2022 10:35:05 上午 org.eclipse.lsp4j.jsonrpc.RemoteEndpoint handleNotification
警告: Notification threw an exception: {
  "jsonrpc": "2.0",
  "method": "textDocument/didSave",
  "params": {
    "textDocument": {
      "uri": "file:///home/li/liyanjun/java%E5%AD%A6%E4%B9%A0%E7%AC%94%E8%AE%B0/scala%E5%AD%A6%E4%B9%A0/test02.scala"
    },
    "text": "object test02 {\n def main(args: Array[String]): Unit \u003d {\n        println(\"Hello, world!\")\n    }\n}"
  }
}
java.lang.RuntimeException: java.lang.reflect.InvocationTargetException
	at org.eclipse.lsp4j.jsonrpc.services.GenericEndpoint.lambda$null$0(GenericEndpoint.java:67)
	at org.eclipse.lsp4j.jsonrpc.services.GenericEndpoint.notify(GenericEndpoint.java:152)
	at org.eclipse.lsp4j.jsonrpc.RemoteEndpoint.handleNotification(RemoteEndpoint.java:220)
	at org.eclipse.lsp4j.jsonrpc.RemoteEndpoint.consume(RemoteEndpoint.java:187)
	at org.eclipse.lsp4j.jsonrpc.json.StreamMessageProducer.handleMessage(StreamMessageProducer.java:194)
	at org.eclipse.lsp4j.jsonrpc.json.StreamMessageProducer.listen(StreamMessageProducer.java:94)
	at org.eclipse.lsp4j.jsonrpc.json.ConcurrentMessageProcessor.run(ConcurrentMessageProcessor.java:113)
	at java.base/java.util.concurrent.Executors$RunnableAdapter.call(Executors.java:515)
	at java.base/java.util.concurrent.FutureTask.run(FutureTask.java:264)
	at java.base/java.util.concurrent.ThreadPoolExecutor.runWorker(ThreadPoolExecutor.java:1128)
	at java.base/java.util.concurrent.ThreadPoolExecutor$Worker.run(ThreadPoolExecutor.java:628)
	at java.base/java.lang.Thread.run(Thread.java:829)
Caused by: java.lang.reflect.InvocationTargetException
	at java.base/jdk.internal.reflect.NativeMethodAccessorImpl.invoke0(Native Method)
	at java.base/jdk.internal.reflect.NativeMethodAccessorImpl.invoke(NativeMethodAccessorImpl.java:62)
	at java.base/jdk.internal.reflect.DelegatingMethodAccessorImpl.invoke(DelegatingMethodAccessorImpl.java:43)
	at java.base/java.lang.reflect.Method.invoke(Method.java:566)
	at org.eclipse.lsp4j.jsonrpc.services.GenericEndpoint.lambda$null$0(GenericEndpoint.java:65)
	... 11 more
Caused by: java.nio.file.NoSuchFileException: /home/li/liyanjun/java学习笔记/scala学习/test02.scala
	at java.base/sun.nio.fs.UnixException.translateToIOException(UnixException.java:92)
	at java.base/sun.nio.fs.UnixException.rethrowAsIOException(UnixException.java:111)
	at java.base/sun.nio.fs.UnixException.rethrowAsIOException(UnixException.java:116)
	at java.base/sun.nio.fs.UnixFileSystemProvider.newByteChannel(UnixFileSystemProvider.java:219)
	at java.base/java.nio.file.Files.newByteChannel(Files.java:371)
	at java.base/java.nio.file.Files.newByteChannel(Files.java:422)
	at java.base/java.nio.file.Files.readAllBytes(Files.java:3206)
	at scala.meta.internal.io.PlatformFileIO$.slurp(PlatformFileIO.scala:45)
	at scala.meta.internal.io.FileIO$.slurp(FileIO.scala:24)
	at scala.meta.internal.mtags.CommonMtagsEnrichments$XtensionAbsolutePath.toInput(CommonMtagsEnrichments.scala:529)
	at scala.meta.internal.metals.MetalsLanguageServer.didSave(MetalsLanguageServer.scala:1268)
	... 16 more

10月 20, 2022 10:35:05 上午 org.eclipse.lsp4j.jsonrpc.RemoteEndpoint handleNotification
警告: Notification threw an exception: {
  "jsonrpc": "2.0",
  "method": "textDocument/didSave",
  "params": {
    "textDocument": {
      "uri": "file:///home/li/liyanjun/java%E5%AD%A6%E4%B9%A0%E7%AC%94%E8%AE%B0/scala%E5%AD%A6%E4%B9%A0/test02.scala"
    },
    "text": "object test02 {\n def main(args: Array[String]): Unit \u003d {\n        println(\"Hello, world!\")\n    }\n}"
  }
}
java.lang.RuntimeException: java.lang.reflect.InvocationTargetException
	at org.eclipse.lsp4j.jsonrpc.services.GenericEndpoint.lambda$null$0(GenericEndpoint.java:67)
	at org.eclipse.lsp4j.jsonrpc.services.GenericEndpoint.notify(GenericEndpoint.java:152)
	at org.eclipse.lsp4j.jsonrpc.RemoteEndpoint.handleNotification(RemoteEndpoint.java:220)
	at org.eclipse.lsp4j.jsonrpc.RemoteEndpoint.consume(RemoteEndpoint.java:187)
	at org.eclipse.lsp4j.jsonrpc.json.StreamMessageProducer.handleMessage(StreamMessageProducer.java:194)
	at org.eclipse.lsp4j.jsonrpc.json.StreamMessageProducer.listen(StreamMessageProducer.java:94)
	at org.eclipse.lsp4j.jsonrpc.json.ConcurrentMessageProcessor.run(ConcurrentMessageProcessor.java:113)
	at java.base/java.util.concurrent.Executors$RunnableAdapter.call(Executors.java:515)
	at java.base/java.util.concurrent.FutureTask.run(FutureTask.java:264)
	at java.base/java.util.concurrent.ThreadPoolExecutor.runWorker(ThreadPoolExecutor.java:1128)
	at java.base/java.util.concurrent.ThreadPoolExecutor$Worker.run(ThreadPoolExecutor.java:628)
	at java.base/java.lang.Thread.run(Thread.java:829)
Caused by: java.lang.reflect.InvocationTargetException
	at java.base/jdk.internal.reflect.NativeMethodAccessorImpl.invoke0(Native Method)
	at java.base/jdk.internal.reflect.NativeMethodAccessorImpl.invoke(NativeMethodAccessorImpl.java:62)
	at java.base/jdk.internal.reflect.DelegatingMethodAccessorImpl.invoke(DelegatingMethodAccessorImpl.java:43)
	at java.base/java.lang.reflect.Method.invoke(Method.java:566)
	at org.eclipse.lsp4j.jsonrpc.services.GenericEndpoint.lambda$null$0(GenericEndpoint.java:65)
	... 11 more
Caused by: java.nio.file.NoSuchFileException: /home/li/liyanjun/java学习笔记/scala学习/test02.scala
	at java.base/sun.nio.fs.UnixException.translateToIOException(UnixException.java:92)
	at java.base/sun.nio.fs.UnixException.rethrowAsIOException(UnixException.java:111)
	at java.base/sun.nio.fs.UnixException.rethrowAsIOException(UnixException.java:116)
	at java.base/sun.nio.fs.UnixFileSystemProvider.newByteChannel(UnixFileSystemProvider.java:219)
	at java.base/java.nio.file.Files.newByteChannel(Files.java:371)
	at java.base/java.nio.file.Files.newByteChannel(Files.java:422)
	at java.base/java.nio.file.Files.readAllBytes(Files.java:3206)
	at scala.meta.internal.io.PlatformFileIO$.slurp(PlatformFileIO.scala:45)
	at scala.meta.internal.io.FileIO$.slurp(FileIO.scala:24)
	at scala.meta.internal.mtags.CommonMtagsEnrichments$XtensionAbsolutePath.toInput(CommonMtagsEnrichments.scala:529)
	at scala.meta.internal.metals.MetalsLanguageServer.didSave(MetalsLanguageServer.scala:1268)
	... 16 more

10月 20, 2022 10:35:05 上午 org.eclipse.lsp4j.jsonrpc.RemoteEndpoint handleCancellation
警告: Unmatched cancel notification for request id 24
10月 20, 2022 10:35:05 上午 org.eclipse.lsp4j.jsonrpc.RemoteEndpoint handleCancellation
警告: Unmatched cancel notification for request id 23
10月 20, 2022 10:35:05 上午 org.eclipse.lsp4j.jsonrpc.RemoteEndpoint handleCancellation
警告: Unmatched cancel notification for request id 27
10月 20, 2022 10:35:05 上午 org.eclipse.lsp4j.jsonrpc.RemoteEndpoint handleCancellation
警告: Unmatched cancel notification for request id 22
10月 20, 2022 10:35:05 上午 org.eclipse.lsp4j.jsonrpc.RemoteEndpoint handleCancellation
警告: Unmatched cancel notification for request id 25
2022.10.20 10:35:05 ERROR text document: file:///home/li/liyanjun/java%E5%AD%A6%E4%B9%A0%E7%AC%94%E8%AE%B0/scala%E5%AD%A6%E4%B9%A0/test02.scalajava.nio.file.NoSuchFileException: /home/li/liyanjun/java学习笔记/scala学习/test02.scala
	at sun.nio.fs.UnixException.translateToIOException(UnixException.java:92)
	at sun.nio.fs.UnixException.rethrowAsIOException(UnixException.java:111)
	at sun.nio.fs.UnixException.rethrowAsIOException(UnixException.java:116)
	at sun.nio.fs.UnixFileSystemProvider.newByteChannel(UnixFileSystemProvider.java:219)
	at java.nio.file.Files.newByteChannel(Files.java:371)
	at java.nio.file.Files.newByteChannel(Files.java:422)
	at java.nio.file.Files.readAllBytes(Files.java:3206)
	at scala.meta.internal.io.PlatformFileIO$.slurp(PlatformFileIO.scala:45)
	at scala.meta.internal.io.FileIO$.slurp(FileIO.scala:24)
	at scala.meta.internal.metals.InteractiveSemanticdbs.$anonfun$textDocument$2(InteractiveSemanticdbs.scala:90)
	at scala.Option.getOrElse(Option.scala:201)
	at scala.meta.internal.metals.InteractiveSemanticdbs.$anonfun$textDocument$1(InteractiveSemanticdbs.scala:90)
	at java.util.HashMap.compute(HashMap.java:1229)
	at java.util.Collections$SynchronizedMap.compute(Collections.java:2692)
	at scala.meta.internal.metals.InteractiveSemanticdbs.textDocument(InteractiveSemanticdbs.scala:89)
	at scala.meta.internal.metals.InteractiveSemanticdbs.textDocument(InteractiveSemanticdbs.scala:63)
	at scala.meta.internal.metals.AggregateSemanticdbs.loop$1(AggregateSemanticdbs.scala:30)
	at scala.meta.internal.metals.AggregateSemanticdbs.textDocument(AggregateSemanticdbs.scala:36)
	at scala.meta.internal.metals.CodeLensProvider.findLenses(CodeLensProvider.scala:22)
	at scala.meta.internal.metals.MetalsLanguageServer.$anonfun$codeLens$2(MetalsLanguageServer.scala:1744)
	at scala.meta.internal.metals.TimerProvider.timedThunk(TimerProvider.scala:25)
	at scala.meta.internal.metals.MetalsLanguageServer.$anonfun$codeLens$1(MetalsLanguageServer.scala:1742)
	at scala.meta.internal.metals.CancelTokens$.$anonfun$apply$2(CancelTokens.scala:26)
	at scala.concurrent.Future$.$anonfun$apply$1(Future.scala:678)
	at scala.concurrent.impl.Promise$Transformation.run(Promise.scala:467)
	at java.util.concurrent.ThreadPoolExecutor.runWorker(ThreadPoolExecutor.java:1128)
	at java.util.concurrent.ThreadPoolExecutor$Worker.run(ThreadPoolExecutor.java:628)
	at java.lang.Thread.run(Thread.java:829)

10月 20, 2022 10:35:05 上午 org.eclipse.lsp4j.jsonrpc.RemoteEndpoint handleCancellation
警告: Unmatched cancel notification for request id 31
10月 20, 2022 10:35:05 上午 org.eclipse.lsp4j.jsonrpc.RemoteEndpoint handleCancellation
警告: Unmatched cancel notification for request id 29
2022.10.20 10:35:05 ERROR text document: file:///home/li/liyanjun/java%E5%AD%A6%E4%B9%A0%E7%AC%94%E8%AE%B0/scala%E5%AD%A6%E4%B9%A0/test02.scalajava.nio.file.NoSuchFileException: /home/li/liyanjun/java学习笔记/scala学习/test02.scala
	at sun.nio.fs.UnixException.translateToIOException(UnixException.java:92)
	at sun.nio.fs.UnixException.rethrowAsIOException(UnixException.java:111)
	at sun.nio.fs.UnixException.rethrowAsIOException(UnixException.java:116)
	at sun.nio.fs.UnixFileSystemProvider.newByteChannel(UnixFileSystemProvider.java:219)
	at java.nio.file.Files.newByteChannel(Files.java:371)
	at java.nio.file.Files.newByteChannel(Files.java:422)
	at java.nio.file.Files.readAllBytes(Files.java:3206)
	at scala.meta.internal.io.PlatformFileIO$.slurp(PlatformFileIO.scala:45)
	at scala.meta.internal.io.FileIO$.slurp(FileIO.scala:24)
	at scala.meta.internal.metals.InteractiveSemanticdbs.$anonfun$textDocument$2(InteractiveSemanticdbs.scala:90)
	at scala.Option.getOrElse(Option.scala:201)
	at scala.meta.internal.metals.InteractiveSemanticdbs.$anonfun$textDocument$1(InteractiveSemanticdbs.scala:90)
	at java.util.HashMap.compute(HashMap.java:1229)
	at java.util.Collections$SynchronizedMap.compute(Collections.java:2692)
	at scala.meta.internal.metals.InteractiveSemanticdbs.textDocument(InteractiveSemanticdbs.scala:89)
	at scala.meta.internal.metals.InteractiveSemanticdbs.textDocument(InteractiveSemanticdbs.scala:63)
	at scala.meta.internal.metals.AggregateSemanticdbs.loop$1(AggregateSemanticdbs.scala:30)
	at scala.meta.internal.metals.AggregateSemanticdbs.textDocument(AggregateSemanticdbs.scala:36)
	at scala.meta.internal.metals.CodeLensProvider.findLenses(CodeLensProvider.scala:22)
	at scala.meta.internal.metals.MetalsLanguageServer.$anonfun$codeLens$2(MetalsLanguageServer.scala:1744)
	at scala.meta.internal.metals.TimerProvider.timedThunk(TimerProvider.scala:25)
	at scala.meta.internal.metals.MetalsLanguageServer.$anonfun$codeLens$1(MetalsLanguageServer.scala:1742)
	at scala.meta.internal.metals.CancelTokens$.$anonfun$apply$2(CancelTokens.scala:26)
	at scala.concurrent.Future$.$anonfun$apply$1(Future.scala:678)
	at scala.concurrent.impl.Promise$Transformation.run(Promise.scala:467)
	at java.util.concurrent.ThreadPoolExecutor.runWorker(ThreadPoolExecutor.java:1128)
	at java.util.concurrent.ThreadPoolExecutor$Worker.run(ThreadPoolExecutor.java:628)
	at java.lang.Thread.run(Thread.java:829)

10月 20, 2022 10:35:05 上午 org.eclipse.lsp4j.jsonrpc.RemoteEndpoint handleCancellation
警告: Unmatched cancel notification for request id 33
2022.10.20 10:35:05 ERROR text document: file:///home/li/liyanjun/java%E5%AD%A6%E4%B9%A0%E7%AC%94%E8%AE%B0/scala%E5%AD%A6%E4%B9%A0/test02.scalajava.nio.file.NoSuchFileException: /home/li/liyanjun/java学习笔记/scala学习/test02.scala
	at sun.nio.fs.UnixException.translateToIOException(UnixException.java:92)
	at sun.nio.fs.UnixException.rethrowAsIOException(UnixException.java:111)
	at sun.nio.fs.UnixException.rethrowAsIOException(UnixException.java:116)
	at sun.nio.fs.UnixFileSystemProvider.newByteChannel(UnixFileSystemProvider.java:219)
	at java.nio.file.Files.newByteChannel(Files.java:371)
	at java.nio.file.Files.newByteChannel(Files.java:422)
	at java.nio.file.Files.readAllBytes(Files.java:3206)
	at scala.meta.internal.io.PlatformFileIO$.slurp(PlatformFileIO.scala:45)
	at scala.meta.internal.io.FileIO$.slurp(FileIO.scala:24)
	at scala.meta.internal.metals.InteractiveSemanticdbs.$anonfun$textDocument$2(InteractiveSemanticdbs.scala:90)
	at scala.Option.getOrElse(Option.scala:201)
	at scala.meta.internal.metals.InteractiveSemanticdbs.$anonfun$textDocument$1(InteractiveSemanticdbs.scala:90)
	at java.util.HashMap.compute(HashMap.java:1229)
	at java.util.Collections$SynchronizedMap.compute(Collections.java:2692)
	at scala.meta.internal.metals.InteractiveSemanticdbs.textDocument(InteractiveSemanticdbs.scala:89)
	at scala.meta.internal.metals.InteractiveSemanticdbs.textDocument(InteractiveSemanticdbs.scala:63)
	at scala.meta.internal.metals.AggregateSemanticdbs.loop$1(AggregateSemanticdbs.scala:30)
	at scala.meta.internal.metals.AggregateSemanticdbs.textDocument(AggregateSemanticdbs.scala:36)
	at scala.meta.internal.metals.CodeLensProvider.findLenses(CodeLensProvider.scala:22)
	at scala.meta.internal.metals.MetalsLanguageServer.$anonfun$codeLens$2(MetalsLanguageServer.scala:1744)
	at scala.meta.internal.metals.TimerProvider.timedThunk(TimerProvider.scala:25)
	at scala.meta.internal.metals.MetalsLanguageServer.$anonfun$codeLens$1(MetalsLanguageServer.scala:1742)
	at scala.meta.internal.metals.CancelTokens$.$anonfun$apply$2(CancelTokens.scala:26)
	at scala.concurrent.Future$.$anonfun$apply$1(Future.scala:678)
	at scala.concurrent.impl.Promise$Transformation.run(Promise.scala:467)
	at java.util.concurrent.ThreadPoolExecutor.runWorker(ThreadPoolExecutor.java:1128)
	at java.util.concurrent.ThreadPoolExecutor$Worker.run(ThreadPoolExecutor.java:628)
	at java.lang.Thread.run(Thread.java:829)

2022.10.20 10:35:05 ERROR text document: file:///home/li/liyanjun/java%E5%AD%A6%E4%B9%A0%E7%AC%94%E8%AE%B0/scala%E5%AD%A6%E4%B9%A0/test02.scalajava.nio.file.NoSuchFileException: /home/li/liyanjun/java学习笔记/scala学习/test02.scala
	at sun.nio.fs.UnixException.translateToIOException(UnixException.java:92)
	at sun.nio.fs.UnixException.rethrowAsIOException(UnixException.java:111)
	at sun.nio.fs.UnixException.rethrowAsIOException(UnixException.java:116)
	at sun.nio.fs.UnixFileSystemProvider.newByteChannel(UnixFileSystemProvider.java:219)
	at java.nio.file.Files.newByteChannel(Files.java:371)
	at java.nio.file.Files.newByteChannel(Files.java:422)
	at java.nio.file.Files.readAllBytes(Files.java:3206)
	at scala.meta.internal.io.PlatformFileIO$.slurp(PlatformFileIO.scala:45)
	at scala.meta.internal.io.FileIO$.slurp(FileIO.scala:24)
	at scala.meta.internal.metals.InteractiveSemanticdbs.$anonfun$textDocument$2(InteractiveSemanticdbs.scala:90)
	at scala.Option.getOrElse(Option.scala:201)
	at scala.meta.internal.metals.InteractiveSemanticdbs.$anonfun$textDocument$1(InteractiveSemanticdbs.scala:90)
	at java.util.HashMap.compute(HashMap.java:1229)
	at java.util.Collections$SynchronizedMap.compute(Collections.java:2692)
	at scala.meta.internal.metals.InteractiveSemanticdbs.textDocument(InteractiveSemanticdbs.scala:89)
	at scala.meta.internal.metals.InteractiveSemanticdbs.textDocument(InteractiveSemanticdbs.scala:63)
	at scala.meta.internal.metals.AggregateSemanticdbs.loop$1(AggregateSemanticdbs.scala:30)
	at scala.meta.internal.metals.AggregateSemanticdbs.textDocument(AggregateSemanticdbs.scala:36)
	at scala.meta.internal.metals.CodeLensProvider.findLenses(CodeLensProvider.scala:22)
	at scala.meta.internal.metals.MetalsLanguageServer.$anonfun$codeLens$2(MetalsLanguageServer.scala:1744)
	at scala.meta.internal.metals.TimerProvider.timedThunk(TimerProvider.scala:25)
	at scala.meta.internal.metals.MetalsLanguageServer.$anonfun$codeLens$1(MetalsLanguageServer.scala:1742)
	at scala.meta.internal.metals.CancelTokens$.$anonfun$apply$2(CancelTokens.scala:26)
	at scala.concurrent.Future$.$anonfun$apply$1(Future.scala:678)
	at scala.concurrent.impl.Promise$Transformation.run(Promise.scala:467)
	at java.util.concurrent.ThreadPoolExecutor.runWorker(ThreadPoolExecutor.java:1128)
	at java.util.concurrent.ThreadPoolExecutor$Worker.run(ThreadPoolExecutor.java:628)
	at java.lang.Thread.run(Thread.java:829)

10月 20, 2022 10:35:05 上午 org.eclipse.lsp4j.jsonrpc.RemoteEndpoint handleCancellation
警告: Unmatched cancel notification for request id 35
10月 20, 2022 10:35:05 上午 org.eclipse.lsp4j.jsonrpc.RemoteEndpoint handleCancellation
警告: Unmatched cancel notification for request id 38
10月 20, 2022 10:35:05 上午 org.eclipse.lsp4j.jsonrpc.RemoteEndpoint handleCancellation
警告: Unmatched cancel notification for request id 37
10月 20, 2022 10:35:05 上午 org.eclipse.lsp4j.jsonrpc.RemoteEndpoint handleCancellation
警告: Unmatched cancel notification for request id 40
2022.10.20 10:35:05 WARN  no build target for: /home/li/liyanjun/java学习笔记/scala学习/test01.scala
10月 20, 2022 10:35:05 上午 org.eclipse.lsp4j.jsonrpc.RemoteEndpoint handleCancellation
警告: Unmatched cancel notification for request id 43
2022.10.20 10:35:06 INFO  time: code lens generation in 1.16s
2022.10.20 10:35:06 INFO  time: code lens generation in 1.17s
2022.10.20 10:35:06 INFO  time: code lens generation in 1.17s
2022.10.20 10:35:06 INFO  time: code lens generation in 1.16s
Exception in thread "pool-4-thread-1" java.lang.InterruptedException
	at scala.meta.internal.metals.FutureCancelToken.checkCanceled(FutureCancelToken.scala:29)
	at scala.meta.internal.pc.CompilerAccess.onCompilerJobQueue$$anonfun$1(CompilerAccess.scala:195)
	at scala.meta.internal.pc.CompilerJobQueue$Job.run(CompilerJobQueue.scala:152)
	at java.base/java.util.concurrent.ThreadPoolExecutor.runWorker(ThreadPoolExecutor.java:1128)
	at java.base/java.util.concurrent.ThreadPoolExecutor$Worker.run(ThreadPoolExecutor.java:628)
	at java.base/java.lang.Thread.run(Thread.java:829)
10月 20, 2022 10:35:06 上午 org.eclipse.lsp4j.jsonrpc.RemoteEndpoint handleCancellation
警告: Unmatched cancel notification for request id 47
2022.10.20 10:35:06 WARN  no build target for: /home/li/liyanjun/java学习笔记/scala学习/test01.scala
10月 20, 2022 10:35:06 上午 org.eclipse.lsp4j.jsonrpc.RemoteEndpoint handleCancellation
警告: Unmatched cancel notification for request id 48
10月 20, 2022 10:35:06 上午 org.eclipse.lsp4j.jsonrpc.RemoteEndpoint handleCancellation
警告: Unmatched cancel notification for request id 53
2022.10.20 10:35:06 WARN  no build target for: /home/li/liyanjun/java学习笔记/scala学习/test01.scala
10月 20, 2022 10:35:06 上午 org.eclipse.lsp4j.jsonrpc.RemoteEndpoint handleCancellation
警告: Unmatched cancel notification for request id 42
2022.10.20 10:35:21 WARN  no build target for: /home/li/liyanjun/java学习笔记/scala学习/test01.scala
2022.10.20 10:35:32 WARN  no build target for: /home/li/liyanjun/java学习笔记/scala学习/test01.scala
2022.10.20 10:35:32 WARN  no build target for: /home/li/liyanjun/java学习笔记/scala学习/test01.scala
2022.10.20 10:35:33 WARN  no build target for: /home/li/liyanjun/java学习笔记/scala学习/test01.scala
2022.10.20 10:35:33 WARN  no build target for: /home/li/liyanjun/java学习笔记/scala学习/test01.scala
2022.10.20 10:35:33 WARN  no build target for: /home/li/liyanjun/java学习笔记/scala学习/test01.scala
2022.10.20 10:35:33 WARN  no build target for: /home/li/liyanjun/java学习笔记/scala学习/test01.scala
2022.10.20 10:35:47 WARN  no build target for: /home/li/liyanjun/java学习笔记/scala学习/test02.scala
2022.10.20 10:36:18 WARN  no build target for: /home/li/liyanjun/java学习笔记/scala学习/test02.scala
2022.10.20 10:36:18 WARN  no build target for: /home/li/liyanjun/java学习笔记/scala学习/test02.scala
2022.10.20 10:37:19 WARN  no build target for: /home/li/liyanjun/java学习笔记/scala学习/test03.scala
2022.10.20 10:37:48 WARN  no build target for: /home/li/liyanjun/java学习笔记/scala学习/test03.scala
2022.10.20 10:37:48 WARN  no build target for: /home/li/liyanjun/java学习笔记/scala学习/test03.scala
2022.10.20 10:37:48 WARN  no build target for: /home/li/liyanjun/java学习笔记/scala学习/test03.scala
2022.10.20 10:37:49 WARN  no build target for: /home/li/liyanjun/java学习笔记/scala学习/test03.scala
2022.10.20 10:39:06 WARN  no build target for: /home/li/liyanjun/java学习笔记/scala学习/test04.scala
2022.10.20 10:39:09 WARN  no build target for: /home/li/liyanjun/java学习笔记/scala学习/test04.scala
2022.10.20 10:39:10 WARN  no build target for: /home/li/liyanjun/java学习笔记/scala学习/test04.scala
2022.10.20 10:39:35 WARN  no build target for: /home/li/liyanjun/java学习笔记/scala学习/test04.scala
2022.10.20 10:39:57 WARN  no build target for: /home/li/liyanjun/java学习笔记/scala学习/test04.scala
2022.10.20 10:40:28 WARN  no build target for: /home/li/liyanjun/java学习笔记/scala学习/test04.scala
2022.10.20 10:40:29 WARN  no build target for: /home/li/liyanjun/java学习笔记/scala学习/test04.scala
2022.10.20 12:30:16 INFO  shutting down Metals
